Building DAG of jobs...
Using shell: /usr/bin/bash
Provided cores: 2
Rules claiming more threads will be scaled down.
Job stats:
job             count
------------  -------
get_bwa_cmds        1
total               1

Select jobs to execute...
Execute 1 jobs...

[Mon May  6 10:55:02 2024]
localrule get_bwa_cmds:
    output: /home/odette/gcan/temp/map_cmds.txt
    jobid: 0
    reason: Missing output files: /home/odette/gcan/temp/map_cmds.txt
    threads: 2
    resources: tmpdir=/tmp

[Mon May  6 10:55:04 2024]
Finished job 0.
1 of 1 steps (100%) done
Complete log: .snakemake/log/2024-05-06T105502.487197.snakemake.log
