Building DAG of jobs...
Using shell: /usr/bin/bash
Provided cores: 2
Rules claiming more threads will be scaled down.
Job stats:
job        count
-------  -------
get_ref        1
total          1

Select jobs to execute...
Execute 1 jobs...

[Mon May  6 01:18:15 2024]
localrule get_ref:
    input: /home/odette/gcan/workflows/scripts/get_ref.sh
    output: /home/odette/gcan/results/ref/GRCh38_latest_genomic.fna.gz
    jobid: 0
    reason: Missing output files: /home/odette/gcan/results/ref/GRCh38_latest_genomic.fna.gz
    resources: tmpdir=/tmp

Terminating processes on user request, this might take some time.
[Mon May  6 04:30:50 2024]
Error in rule get_ref:
    jobid: 0
    input: /home/odette/gcan/workflows/scripts/get_ref.sh
    output: /home/odette/gcan/results/ref/GRCh38_latest_genomic.fna.gz
    shell:
        
        /home/odette/gcan/workflows/scripts/get_ref.sh
        
        (one of the commands exited with non-zero exit code; note that snakemake uses bash strict mode!)

Complete log: .snakemake/log/2024-05-06T011815.189259.snakemake.log
WorkflowError:
At least one job did not complete successfully.
