Building DAG of jobs...
Using shell: /usr/bin/bash
Provided cores: 2
Rules claiming more threads will be scaled down.
Job stats:
job             count
------------  -------
get_bwa_cmds        1
total               1

Select jobs to execute...
Execute 1 jobs...

[Mon May  6 10:50:42 2024]
localrule get_bwa_cmds:
    output: /home/odette/gcan/temp/map_cmds.txt
    jobid: 0
    reason: Missing output files: /home/odette/gcan/temp/map_cmds.txt
    threads: 2
    resources: tmpdir=/tmp

[Mon May  6 10:50:43 2024]
Error in rule get_bwa_cmds:
    jobid: 0
    output: /home/odette/gcan/temp/map_cmds.txt

Shutting down, this might take some time.
Exiting because a job execution failed. Look above for error message
Complete log: .snakemake/log/2024-05-06T105042.431054.snakemake.log
WorkflowError:
At least one job did not complete successfully.
